Wed Oct 06 17:13:33 2021

74 Bar
----------------------------------
Wed Oct 06 17:13:34 2021

101 Bar
----------------------------------
Sun Oct 10 13:45:18 2021

119 Bar
----------------------------------
Sun Oct 10 13:45:23 2021

126 Bar
----------------------------------
Sun Oct 10 13:45:28 2021

70 Bar
----------------------------------
Sun Oct 10 13:45:33 2021

77 Bar
----------------------------------
Sun Oct 10 13:45:38 2021

70 Bar
----------------------------------
Sun Oct 10 13:45:43 2021

81 Bar
----------------------------------
Sun Oct 10 13:45:48 2021

121 Bar
----------------------------------
Sun Oct 10 13:45:53 2021

128 Bar
----------------------------------
Sun Oct 10 13:45:58 2021

90 Bar
----------------------------------
Sun Oct 10 13:46:03 2021

74 Bar
----------------------------------
Tue Oct 12 19:11:34 2021

106 Bar
----------------------------------
Tue Oct 12 19:11:39 2021

107 Bar
----------------------------------
Tue Oct 12 19:11:44 2021

76 Bar
----------------------------------
Tue Oct 12 19:11:49 2021

79 Bar
----------------------------------
Tue Oct 12 19:11:54 2021

82 Bar
----------------------------------
Tue Oct 12 19:11:59 2021

73 Bar
----------------------------------
Tue Oct 12 19:12:04 2021

124 Bar
----------------------------------
Tue Oct 12 19:12:09 2021

98 Bar
----------------------------------
Wed Oct 13 16:09:43 2021

83 Bar
----------------------------------
Wed Oct 13 16:09:48 2021

81 Bar
----------------------------------
Wed Oct 13 16:10:01 2021

81 Bar
----------------------------------
Wed Oct 13 16:10:06 2021

81 Bar
----------------------------------
Wed Oct 13 16:10:11 2021

80 Bar
----------------------------------
Wed Oct 13 16:10:16 2021

79 Bar
----------------------------------
Wed Oct 13 16:10:21 2021

78 Bar
----------------------------------
Wed Oct 13 16:10:26 2021

78 Bar
----------------------------------
Wed Oct 13 16:10:31 2021

78 Bar
----------------------------------
Wed Oct 13 16:10:36 2021

77 Bar
----------------------------------
Wed Oct 13 16:10:41 2021

77 Bar
----------------------------------
Wed Oct 13 16:10:46 2021

76 Bar
----------------------------------
Wed Oct 13 16:13:19 2021

71 Bar
----------------------------------
Wed Oct 13 16:13:24 2021

70 Bar
----------------------------------
Wed Oct 13 16:13:29 2021

70 Bar
----------------------------------
Wed Oct 13 16:13:34 2021

69 Bar
----------------------------------
Wed Oct 13 16:13:39 2021

68 Bar
----------------------------------
Wed Oct 13 16:14:37 2021

59 Bar
----------------------------------
Wed Oct 13 16:14:42 2021

58 Bar
----------------------------------
Wed Oct 13 16:14:47 2021

57 Bar
----------------------------------
Wed Oct 13 16:14:52 2021

53 Bar
----------------------------------
Wed Oct 13 16:14:57 2021

51 Bar
----------------------------------
Wed Oct 13 16:15:02 2021

52 Bar
----------------------------------
Wed Oct 13 16:15:07 2021

52 Bar
----------------------------------
Wed Oct 13 16:15:12 2021

54 Bar
----------------------------------
Wed Oct 13 16:15:17 2021

51 Bar
----------------------------------
Wed Oct 13 16:15:22 2021

54 Bar
----------------------------------
Wed Oct 13 16:17:24 2021

92 Bar
----------------------------------
Wed Oct 13 16:17:29 2021

91 Bar
----------------------------------
Wed Oct 13 16:17:34 2021

87 Bar
----------------------------------
Wed Oct 13 16:17:39 2021

86 Bar
----------------------------------
Wed Oct 13 16:17:44 2021

82 Bar
----------------------------------
Wed Oct 13 16:17:49 2021

82 Bar
----------------------------------
Wed Oct 13 16:17:54 2021

87 Bar
----------------------------------
Wed Oct 13 16:17:59 2021

86 Bar
----------------------------------
Wed Oct 13 16:18:04 2021

91 Bar
----------------------------------
Wed Oct 13 16:18:09 2021

92 Bar
----------------------------------
Wed Oct 13 16:18:14 2021

92 Bar
----------------------------------
Wed Oct 13 16:18:19 2021

97 Bar
----------------------------------
Wed Oct 13 16:18:24 2021

99 Bar
----------------------------------
Wed Oct 13 16:18:29 2021

98 Bar
----------------------------------
Wed Oct 13 16:18:34 2021

100 Bar
----------------------------------
Wed Oct 13 16:19:34 2021

99 Bar
----------------------------------
Wed Oct 13 16:21:14 2021

98 Bar
----------------------------------
Wed Oct 13 16:21:19 2021

96 Bar
----------------------------------
Wed Oct 13 16:21:24 2021

96 Bar
----------------------------------
Wed Oct 13 16:21:29 2021

99 Bar
----------------------------------
Wed Oct 13 16:21:34 2021

96 Bar
----------------------------------
Wed Oct 13 16:21:39 2021

100 Bar
----------------------------------
Wed Oct 13 16:21:44 2021

100 Bar
----------------------------------
Wed Oct 13 16:21:49 2021

95 Bar
----------------------------------
Wed Oct 13 16:21:54 2021

96 Bar
----------------------------------
Wed Oct 13 16:21:59 2021

100 Bar
----------------------------------
Wed Oct 13 16:22:04 2021

99 Bar
----------------------------------
Wed Oct 13 16:22:09 2021

99 Bar
----------------------------------
Wed Oct 13 16:22:14 2021

97 Bar
----------------------------------
Wed Oct 13 16:22:19 2021

96 Bar
----------------------------------
Wed Oct 13 16:22:24 2021

100 Bar
----------------------------------
Wed Oct 13 16:28:06 2021

50 Bar
----------------------------------
Wed Oct 13 16:28:11 2021

54 Bar
----------------------------------
Wed Oct 13 16:28:16 2021

57 Bar
----------------------------------
Wed Oct 13 16:28:21 2021

57 Bar
----------------------------------
Wed Oct 13 16:28:26 2021

61 Bar
----------------------------------
Wed Oct 13 16:28:31 2021

61 Bar
----------------------------------
Wed Oct 13 16:28:36 2021

63 Bar
----------------------------------
Wed Oct 13 16:28:41 2021

61 Bar
----------------------------------
Wed Oct 13 16:28:46 2021

61 Bar
----------------------------------
Wed Oct 13 16:28:51 2021

63 Bar
----------------------------------
Wed Oct 13 16:28:56 2021

61 Bar
----------------------------------
Wed Oct 13 16:29:01 2021

65 Bar
----------------------------------
Wed Oct 13 16:29:06 2021

64 Bar
----------------------------------
Wed Oct 13 16:29:11 2021

65 Bar
----------------------------------
Wed Oct 13 16:29:16 2021

66 Bar
----------------------------------
Wed Oct 13 16:29:21 2021

68 Bar
----------------------------------
Wed Oct 13 16:29:26 2021

68 Bar
----------------------------------
Wed Oct 13 16:29:31 2021

70 Bar
----------------------------------
Wed Oct 13 16:29:36 2021

73 Bar
----------------------------------
Wed Oct 13 16:29:41 2021

73 Bar
----------------------------------
Wed Oct 13 16:30:37 2021

64 Bar
----------------------------------
Wed Oct 13 16:30:42 2021

64 Bar
----------------------------------
Wed Oct 13 16:30:47 2021

64 Bar
----------------------------------
Wed Oct 13 16:30:52 2021

62 Bar
----------------------------------
Wed Oct 13 16:30:57 2021

60 Bar
----------------------------------
Wed Oct 13 16:31:02 2021

56 Bar
----------------------------------
Wed Oct 13 16:31:07 2021

53 Bar
----------------------------------
Wed Oct 13 16:31:12 2021

51 Bar
----------------------------------
Wed Oct 13 16:31:17 2021

53 Bar
----------------------------------
Wed Oct 13 16:31:47 2021

94 Bar
----------------------------------
Wed Oct 13 16:31:52 2021

92 Bar
----------------------------------
Wed Oct 13 16:31:57 2021

94 Bar
----------------------------------
Wed Oct 13 16:32:02 2021

94 Bar
----------------------------------
Wed Oct 13 16:32:07 2021

96 Bar
----------------------------------
Wed Oct 13 16:32:12 2021

96 Bar
----------------------------------
Wed Oct 13 16:32:17 2021

93 Bar
----------------------------------
Wed Oct 13 16:32:22 2021

90 Bar
----------------------------------
Wed Oct 13 16:32:27 2021

92 Bar
----------------------------------
Wed Oct 13 16:32:32 2021

88 Bar
----------------------------------
Wed Oct 13 16:32:37 2021

89 Bar
----------------------------------
Wed Oct 13 16:32:42 2021

93 Bar
----------------------------------
Wed Oct 13 16:32:47 2021

92 Bar
----------------------------------
Wed Oct 13 16:32:52 2021

91 Bar
----------------------------------
Wed Oct 13 16:32:57 2021

89 Bar
----------------------------------
Wed Oct 13 16:33:09 2021

87 Bar
----------------------------------
Wed Oct 13 16:33:14 2021

89 Bar
----------------------------------
Wed Oct 13 16:33:19 2021

90 Bar
----------------------------------
Wed Oct 13 16:33:24 2021

88 Bar
----------------------------------
Wed Oct 13 16:33:29 2021

88 Bar
----------------------------------
Wed Oct 13 16:33:34 2021

91 Bar
----------------------------------
Wed Oct 13 16:33:39 2021

94 Bar
----------------------------------
Wed Oct 13 16:33:44 2021

98 Bar
----------------------------------
Wed Oct 13 16:33:49 2021

100 Bar
----------------------------------
Wed Oct 13 16:33:54 2021

95 Bar
----------------------------------
Wed Oct 13 16:33:59 2021

95 Bar
----------------------------------
Wed Oct 13 16:34:04 2021

94 Bar
----------------------------------
Wed Oct 13 16:34:09 2021

91 Bar
----------------------------------
Wed Oct 13 16:34:14 2021

90 Bar
----------------------------------
Wed Oct 13 16:34:19 2021

89 Bar
----------------------------------
Wed Oct 13 16:34:24 2021

89 Bar
----------------------------------
Wed Oct 13 16:34:29 2021

90 Bar
----------------------------------
Wed Oct 13 16:34:34 2021

90 Bar
----------------------------------
Wed Oct 13 16:34:39 2021

91 Bar
----------------------------------
Wed Oct 13 16:34:44 2021

93 Bar
----------------------------------
Wed Oct 13 16:35:17 2021

67 Bar
----------------------------------
Wed Oct 13 16:35:22 2021

65 Bar
----------------------------------
Wed Oct 13 16:35:27 2021

62 Bar
----------------------------------
Wed Oct 13 16:35:32 2021

64 Bar
----------------------------------
Wed Oct 13 16:35:50 2021

66 Bar
----------------------------------
Wed Oct 13 16:35:55 2021

70 Bar
----------------------------------
Wed Oct 13 16:36:00 2021

67 Bar
----------------------------------
Wed Oct 13 16:36:05 2021

67 Bar
----------------------------------
Wed Oct 13 16:36:10 2021

67 Bar
----------------------------------
Wed Oct 13 16:36:15 2021

69 Bar
----------------------------------
Wed Oct 13 16:36:20 2021

67 Bar
----------------------------------
Wed Oct 13 16:36:25 2021

67 Bar
----------------------------------
Wed Oct 13 16:36:30 2021

69 Bar
----------------------------------
Wed Oct 13 16:36:35 2021

71 Bar
----------------------------------
Wed Oct 13 16:37:10 2021

79 Bar
----------------------------------
Wed Oct 13 16:37:15 2021

77 Bar
----------------------------------
Wed Oct 13 16:37:20 2021

73 Bar
----------------------------------
Wed Oct 13 16:37:25 2021

73 Bar
----------------------------------
Wed Oct 13 16:37:30 2021

73 Bar
----------------------------------
Wed Oct 13 16:37:35 2021

75 Bar
----------------------------------
Wed Oct 13 16:37:40 2021

75 Bar
----------------------------------
Wed Oct 13 16:37:45 2021

78 Bar
----------------------------------
Wed Oct 13 16:37:50 2021

75 Bar
----------------------------------
Wed Oct 13 16:43:03 2021

61 Bar
----------------------------------
Wed Oct 13 16:43:08 2021

97 Bar
----------------------------------
Wed Oct 13 16:43:13 2021

99 Bar
----------------------------------
Wed Oct 13 16:43:18 2021

121 Bar
----------------------------------
Wed Oct 13 16:43:23 2021

118 Bar
----------------------------------
Wed Oct 13 16:45:10 2021

52 Bar
----------------------------------
Wed Oct 13 16:45:15 2021

53 Bar
----------------------------------
Wed Oct 13 16:45:20 2021

60 Bar
----------------------------------
Wed Oct 13 16:45:25 2021

57 Bar
----------------------------------
Wed Oct 13 16:45:30 2021

61 Bar
----------------------------------
Wed Oct 13 16:45:35 2021

63 Bar
----------------------------------
Wed Oct 13 16:45:40 2021

62 Bar
----------------------------------
Wed Oct 13 16:45:45 2021

61 Bar
----------------------------------
Wed Oct 13 16:45:50 2021

57 Bar
----------------------------------
Wed Oct 13 16:45:55 2021

60 Bar
----------------------------------
Wed Oct 13 16:46:00 2021

64 Bar
----------------------------------
Wed Oct 13 16:46:05 2021

58 Bar
----------------------------------
Wed Oct 13 16:46:10 2021

56 Bar
----------------------------------
Wed Oct 13 16:46:15 2021

54 Bar
----------------------------------
Wed Oct 13 16:46:20 2021

61 Bar
----------------------------------
Wed Oct 13 16:49:11 2021

98 Bar
----------------------------------
Wed Oct 13 16:49:16 2021

97 Bar
----------------------------------
Wed Oct 13 16:49:21 2021

94 Bar
----------------------------------
Wed Oct 13 16:49:26 2021

97 Bar
----------------------------------
Wed Oct 13 16:49:31 2021

99 Bar
----------------------------------
Wed Oct 13 16:49:36 2021

93 Bar
----------------------------------
Wed Oct 13 16:49:41 2021

91 Bar
----------------------------------
Wed Oct 13 16:49:46 2021

91 Bar
----------------------------------
Wed Oct 13 16:49:51 2021

88 Bar
----------------------------------
Wed Oct 13 16:49:56 2021

88 Bar
----------------------------------
Wed Oct 13 16:50:01 2021

88 Bar
----------------------------------
Wed Oct 13 16:50:06 2021

89 Bar
----------------------------------
Wed Oct 13 16:50:11 2021

89 Bar
----------------------------------
Wed Oct 13 16:50:16 2021

89 Bar
----------------------------------
Wed Oct 13 16:50:21 2021

87 Bar
----------------------------------
Wed Oct 13 16:51:05 2021

98 Bar
----------------------------------
Wed Oct 13 16:51:10 2021

98 Bar
----------------------------------
Wed Oct 13 16:51:15 2021

100 Bar
----------------------------------
Wed Oct 13 16:51:20 2021

100 Bar
----------------------------------
Wed Oct 13 16:51:25 2021

97 Bar
----------------------------------
Wed Oct 13 16:51:40 2021

98 Bar
----------------------------------
Wed Oct 13 16:51:45 2021

97 Bar
----------------------------------
Wed Oct 13 16:51:56 2021

100 Bar
----------------------------------
Wed Oct 13 16:52:01 2021

100 Bar
----------------------------------
Wed Oct 13 16:52:16 2021

97 Bar
----------------------------------
Wed Oct 13 16:52:21 2021

97 Bar
----------------------------------
Wed Oct 13 16:52:26 2021

98 Bar
----------------------------------
Wed Oct 13 16:52:31 2021

96 Bar
----------------------------------
Wed Oct 13 16:52:36 2021

93 Bar
----------------------------------
Wed Oct 13 16:53:15 2021

51 Bar
----------------------------------
Wed Oct 13 16:53:20 2021

56 Bar
----------------------------------
Wed Oct 13 16:53:25 2021

55 Bar
----------------------------------
Wed Oct 13 16:53:30 2021

56 Bar
----------------------------------
Wed Oct 13 16:53:35 2021

56 Bar
----------------------------------
Wed Oct 13 17:03:36 2021

52 Bar
----------------------------------
Wed Oct 13 17:03:41 2021

52 Bar
----------------------------------
Wed Oct 13 19:00:14 2021

0 Bar
----------------------------------
Wed Oct 13 19:52:55 2021

0 Bar
----------------------------------
Wed Oct 13 19:53:00 2021

3 Bar
----------------------------------
Wed Oct 13 19:55:18 2021

1 Bar
----------------------------------
Wed Oct 13 20:02:13 2021

0 Bar
----------------------------------
Wed Oct 13 20:02:18 2021

0 Bar
----------------------------------
Wed Oct 13 20:03:49 2021

0 Bar
----------------------------------
Wed Oct 13 20:03:54 2021

0 Bar
----------------------------------
Wed Oct 13 20:04:19 2021

0 Bar
----------------------------------
Wed Oct 13 20:04:24 2021

0 Bar
----------------------------------
Wed Oct 13 20:08:27 2021

0 Bar
----------------------------------
Wed Oct 13 21:04:10 2021

0 Bar
----------------------------------
Wed Oct 13 21:04:15 2021

0 Bar
----------------------------------
Wed Oct 13 21:09:40 2021

10 Bar
----------------------------------
Wed Oct 13 21:09:45 2021

10 Bar
----------------------------------
Wed Oct 13 21:10:36 2021

10 Bar
----------------------------------
Wed Oct 13 21:10:41 2021

10 Bar
----------------------------------
Wed Oct 13 21:11:57 2021

10 Bar
----------------------------------
Mon Oct 18 19:33:33 2021

65 Bar
----------------------------------
Mon Oct 18 19:33:45 2021

65 Bar
----------------------------------
Mon Oct 18 19:33:58 2021

63 Bar
----------------------------------
Mon Oct 18 19:34:10 2021

64 Bar
----------------------------------
Mon Oct 18 19:34:23 2021

64 Bar
----------------------------------
Mon Oct 18 19:34:35 2021

63 Bar
----------------------------------
Mon Oct 18 19:34:48 2021

62 Bar
----------------------------------
Mon Oct 18 19:35:00 2021

63 Bar
----------------------------------
